2025-04-04 21:11:20,681 - DEBUG - Starting new HTTPS connection (1): api.anitabi.cn:443
2025-04-04 21:11:21,109 - DEBUG - https://api.anitabi.cn:443 "GET /bangumi/110467/points/detail?haveImage=false HTTP/1.1" 200 None
2025-04-04 21:11:21,113 - INFO - 地标信息已保存至: ../Outputs/110467_locates.json
2025-04-04 21:11:21,113 - INFO - 开始分析作品: 作品_110467 (ID: 110467)
2025-04-04 21:11:21,113 - INFO - 处理地标: 武蔵境駅 (ID: 5q87582w, 来源: Google Maps)
2025-04-04 21:11:21,116 - DEBUG - Starting new HTTPS connection (1): overpass-api.de:443
2025-04-04 21:11:22,281 - DEBUG - https://overpass-api.de:443 "POST /api/interpreter HTTP/1.1" 200 568
2025-04-04 21:11:22,282 - INFO - 在 1000m 范围内找到最近站点: 武蔵境 (距离: 0.052 千米)
2025-04-04 21:11:22,282 - INFO - 处理地标: 武蔵野プレイス (ID: 5q8757tu, 来源: Google Maps)
2025-04-04 21:11:22,285 - DEBUG - Starting new HTTPS connection (1): overpass-api.de:443
2025-04-04 21:11:24,123 - DEBUG - https://overpass-api.de:443 "POST /api/interpreter HTTP/1.1" 200 568
2025-04-04 21:11:24,124 - INFO - 在 1000m 范围内找到最近站点: 武蔵境 (距离: 0.084 千米)
2025-04-04 21:11:24,125 - INFO - 处理地标: 武蔵野スイングホール (ID: 5q87590s, 来源: Google Maps)
2025-04-04 21:11:24,127 - DEBUG - Starting new HTTPS connection (1): overpass-api.de:443
2025-04-04 21:11:25,352 - DEBUG - https://overpass-api.de:443 "POST /api/interpreter HTTP/1.1" 200 568
2025-04-04 21:11:25,353 - INFO - 在 1000m 范围内找到最近站点: 武蔵境 (距离: 0.096 千米)
2025-04-04 21:11:25,353 - INFO - 处理地标: スキップ通り (ID: 5q875a07, 来源: Google Maps)
2025-04-04 21:11:25,356 - DEBUG - Starting new HTTPS connection (1): overpass-api.de:443
2025-04-04 21:11:26,581 - DEBUG - https://overpass-api.de:443 "POST /api/interpreter HTTP/1.1" 200 568
2025-04-04 21:11:26,582 - INFO - 在 1000m 范围内找到最近站点: 武蔵境 (距离: 0.119 千米)
2025-04-04 21:11:26,582 - INFO - 处理地标: ベーカリーズカフェクラウン武蔵境店 (ID: 5q875b22, 来源: Google Maps)
2025-04-04 21:11:26,585 - DEBUG - Starting new HTTPS connection (1): overpass-api.de:443
2025-04-04 21:11:29,781 - DEBUG - https://overpass-api.de:443 "POST /api/interpreter HTTP/1.1" 200 568
2025-04-04 21:11:29,782 - INFO - 在 1000m 范围内找到最近站点: 武蔵境 (距离: 0.192 千米)
2025-04-04 21:11:29,782 - INFO - 处理地标: さかい亭 (ID: 5q875aon, 来源: Google Maps)
2025-04-04 21:11:29,785 - DEBUG - Starting new HTTPS connection (1): overpass-api.de:443
2025-04-04 21:11:33,647 - DEBUG - https://overpass-api.de:443 "POST /api/interpreter HTTP/1.1" 200 568
2025-04-04 21:11:33,648 - INFO - 在 1000m 范围内找到最近站点: 武蔵境 (距离: 0.321 千米)
2025-04-04 21:11:33,648 - INFO - 处理地标: 東京女子大学正門 (ID: pz76mfsof, 来源: Anitabi@月即别)
2025-04-04 21:11:33,651 - DEBUG - Starting new HTTPS connection (1): overpass-api.de:443
2025-04-04 21:11:36,411 - DEBUG - https://overpass-api.de:443 "POST /api/interpreter HTTP/1.1" 200 579
2025-04-04 21:11:36,412 - INFO - 在 1000m 范围内找到最近站点: 西荻窪 (距离: 0.958 千米)
2025-04-04 21:11:36,412 - INFO - 处理地标: くら寿司小金井店 (ID: 5q875em2, 来源: Google Maps)
2025-04-04 21:11:36,415 - DEBUG - Starting new HTTPS connection (1): overpass-api.de:443
2025-04-04 21:11:40,713 - DEBUG - https://overpass-api.de:443 "POST /api/interpreter HTTP/1.1" 200 235
2025-04-04 21:11:40,714 - WARNING - 在 (35.7127, 139.5112) 周围 1000m 范围内未找到站点，已扩大搜索半径
2025-04-04 21:11:40,716 - DEBUG - Starting new HTTPS connection (1): overpass-api.de:443
2025-04-04 21:11:42,213 - DEBUG - https://overpass-api.de:443 "POST /api/interpreter HTTP/1.1" 200 805
2025-04-04 21:11:42,214 - INFO - 在 2000m 范围内找到最近站点: 武蔵小金井 (距离: 1.346 千米)
2025-04-04 21:11:42,214 - INFO - 处理地标: 神戸市民広場駅 (ID: 5q875kmm, 来源: Google Maps)
2025-04-04 21:11:42,217 - DEBUG - Starting new HTTPS connection (1): overpass-api.de:443
2025-04-04 21:11:45,628 - DEBUG - https://overpass-api.de:443 "POST /api/interpreter HTTP/1.1" 200 1380
2025-04-04 21:11:45,629 - INFO - 在 1000m 范围内找到最近站点: 市民広場（コンベンションセンター） (距离: 0.023 千米)
2025-04-04 21:11:45,629 - INFO - 处理地标: ウルソン武蔵境店 (ID: 5q875btn, 来源: Google Maps)
2025-04-04 21:11:45,632 - DEBUG - Starting new HTTPS connection (1): overpass-api.de:443
2025-04-04 21:11:46,857 - DEBUG - https://overpass-api.de:443 "POST /api/interpreter HTTP/1.1" 200 568
2025-04-04 21:11:46,858 - INFO - 在 1000m 范围内找到最近站点: 武蔵境 (距离: 0.472 千米)
2025-04-04 21:11:46,858 - INFO - 处理地标: TAIRAYA武蔵境店 (ID: 5q875bht, 来源: Google Maps)
2025-04-04 21:11:46,861 - DEBUG - Starting new HTTPS connection (1): overpass-api.de:443
2025-04-04 21:11:50,849 - DEBUG - https://overpass-api.de:443 "POST /api/interpreter HTTP/1.1" 200 568
2025-04-04 21:11:50,850 - INFO - 在 1000m 范围内找到最近站点: 武蔵境 (距离: 0.351 千米)
2025-04-04 21:11:50,850 - INFO - 处理地标: 武蔵境通り交差点 (ID: 5q875bj7, 来源: Google Maps)
2025-04-04 21:11:50,853 - DEBUG - Starting new HTTPS connection (1): overpass-api.de:443
2025-04-04 21:11:52,385 - DEBUG - https://overpass-api.de:443 "POST /api/interpreter HTTP/1.1" 200 568
2025-04-04 21:11:52,386 - INFO - 在 1000m 范围内找到最近站点: 武蔵境 (距离: 0.440 千米)
2025-04-04 21:11:52,386 - INFO - 处理地标: 桜橋交差点 (ID: 5q875chw, 来源: Google Maps)
2025-04-04 21:11:52,389 - DEBUG - Starting new HTTPS connection (1): overpass-api.de:443
2025-04-04 21:11:53,921 - DEBUG - https://overpass-api.de:443 "POST /api/interpreter HTTP/1.1" 200 568
2025-04-04 21:11:53,922 - INFO - 在 1000m 范围内找到最近站点: 武蔵境 (距离: 0.829 千米)
2025-04-04 21:11:53,923 - INFO - 处理地标: 境浄水場西交差点 (ID: 5q875cmn, 来源: Google Maps)
2025-04-04 21:11:53,925 - DEBUG - Starting new HTTPS connection (1): overpass-api.de:443
2025-04-04 21:11:54,843 - DEBUG - https://overpass-api.de:443 "POST /api/interpreter HTTP/1.1" 200 235
2025-04-04 21:11:54,844 - WARNING - 在 (35.7123, 139.5438) 周围 1000m 范围内未找到站点，已扩大搜索半径
2025-04-04 21:11:54,847 - DEBUG - Starting new HTTPS connection (1): overpass-api.de:443
2025-04-04 21:11:57,301 - DEBUG - https://overpass-api.de:443 "POST /api/interpreter HTTP/1.1" 200 1167
2025-04-04 21:11:57,302 - INFO - 在 2000m 范围内找到最近站点: 武蔵境 (距离: 1.140 千米)
2025-04-04 21:11:57,302 - INFO - 处理地标: ガスト関前店 (ID: 5q875cpl, 来源: Google Maps)
2025-04-04 21:11:57,305 - DEBUG - Starting new HTTPS connection (1): overpass-api.de:443
2025-04-04 21:11:59,145 - DEBUG - https://overpass-api.de:443 "POST /api/interpreter HTTP/1.1" 200 235
2025-04-04 21:11:59,146 - WARNING - 在 (35.7127, 139.5415) 周围 1000m 范围内未找到站点，已扩大搜索半径
2025-04-04 21:11:59,149 - DEBUG - Starting new HTTPS connection (1): overpass-api.de:443
2025-04-04 21:12:00,373 - DEBUG - https://overpass-api.de:443 "POST /api/interpreter HTTP/1.1" 200 1032
2025-04-04 21:12:00,374 - INFO - 在 2000m 范围内找到最近站点: 武蔵境 (距离: 1.204 千米)
2025-04-04 21:12:00,374 - INFO - 处理地标: ひぐち橋公園 (ID: 5q875d37, 来源: Google Maps)
2025-04-04 21:12:00,377 - DEBUG - Starting new HTTPS connection (1): overpass-api.de:443
2025-04-04 21:12:01,522 - DEBUG - https://overpass-api.de:443 "POST /api/interpreter HTTP/1.1" 200 235
2025-04-04 21:12:01,523 - WARNING - 在 (35.7124, 139.5405) 周围 1000m 范围内未找到站点，已扩大搜索半径
2025-04-04 21:12:01,526 - DEBUG - Starting new HTTPS connection (1): overpass-api.de:443
2025-04-04 21:12:05,801 - DEBUG - https://overpass-api.de:443 "POST /api/interpreter HTTP/1.1" 200 1032
2025-04-04 21:12:05,802 - INFO - 在 2000m 范围内找到最近站点: 武蔵境 (距离: 1.191 千米)
2025-04-04 21:12:05,802 - INFO - 处理地标: 境橋交差点 (ID: 5q875czj, 来源: Google Maps)
2025-04-04 21:12:05,805 - DEBUG - Starting new HTTPS connection (1): overpass-api.de:443
2025-04-04 21:12:09,541 - DEBUG - https://overpass-api.de:443 "POST /api/interpreter HTTP/1.1" 200 235
2025-04-04 21:12:09,541 - WARNING - 在 (35.711, 139.5369) 周围 1000m 范围内未找到站点，已扩大搜索半径
2025-04-04 21:12:09,543 - DEBUG - Starting new HTTPS connection (1): overpass-api.de:443
2025-04-04 21:12:10,582 - DEBUG - https://overpass-api.de:443 "POST /api/interpreter HTTP/1.1" 200 1230
2025-04-04 21:12:10,583 - INFO - 在 2000m 范围内找到最近站点: 武蔵境 (距离: 1.178 千米)
2025-04-04 21:12:10,583 - INFO - 处理地标: 境二丁目第一交差点 (ID: 5q875dfn, 来源: Google Maps)
2025-04-04 21:12:10,586 - DEBUG - Starting new HTTPS connection (1): overpass-api.de:443
2025-04-04 21:12:19,112 - DEBUG - https://overpass-api.de:443 "POST /api/interpreter HTTP/1.1" 200 568
2025-04-04 21:12:19,113 - INFO - 在 1000m 范围内找到最近站点: 武蔵境 (距离: 0.265 千米)
2025-04-04 21:12:19,113 - INFO - 处理地标: つばさ家武蔵境店 (ID: 5q875dfv, 来源: Google Maps)
2025-04-04 21:12:19,116 - DEBUG - Starting new HTTPS connection (1): overpass-api.de:443
2025-04-04 21:12:20,648 - DEBUG - https://overpass-api.de:443 "POST /api/interpreter HTTP/1.1" 200 568
2025-04-04 21:12:20,649 - INFO - 在 1000m 范围内找到最近站点: 武蔵境 (距离: 0.290 千米)
2025-04-04 21:12:20,649 - INFO - 处理地标: 吉祥寺駅 (ID: 5q875ddu, 来源: Google Maps)
2025-04-04 21:12:20,652 - DEBUG - Starting new HTTPS connection (1): overpass-api.de:443
2025-04-04 21:12:21,696 - DEBUG - https://overpass-api.de:443 "POST /api/interpreter HTTP/1.1" 200 847
2025-04-04 21:12:21,697 - INFO - 在 1000m 范围内找到最近站点: 吉祥寺 (距离: 0.046 千米)
2025-04-04 21:12:21,698 - INFO - 处理地标: 旧バウスシアター (ID: 5q875d87, 来源: Google Maps)
2025-04-04 21:12:21,700 - DEBUG - Starting new HTTPS connection (1): overpass-api.de:443
2025-04-04 21:12:22,798 - DEBUG - https://overpass-api.de:443 "POST /api/interpreter HTTP/1.1" 200 847
2025-04-04 21:12:22,799 - INFO - 在 1000m 范围内找到最近站点: 吉祥寺 (距离: 0.335 千米)
2025-04-04 21:12:22,799 - INFO - 处理地标: サンロード（4話） (ID: 5q875dcg, 来源: Google Maps)
2025-04-04 21:12:22,803 - DEBUG - Starting new HTTPS connection (1): overpass-api.de:443
2025-04-04 21:12:24,487 - DEBUG - https://overpass-api.de:443 "POST /api/interpreter HTTP/1.1" 200 847
2025-04-04 21:12:24,488 - INFO - 在 1000m 范围内找到最近站点: 吉祥寺 (距离: 0.288 千米)
2025-04-04 21:12:24,488 - INFO - 处理地标: サンロード（12話） (ID: 5q875cyt, 来源: Google Maps)
2025-04-04 21:12:24,489 - DEBUG - Starting new HTTPS connection (1): overpass-api.de:443
2025-04-04 21:12:28,072 - DEBUG - https://overpass-api.de:443 "POST /api/interpreter HTTP/1.1" 200 847
2025-04-04 21:12:28,073 - INFO - 在 1000m 范围内找到最近站点: 吉祥寺 (距离: 0.110 千米)
2025-04-04 21:12:28,073 - INFO - 处理地标: 黒毛和牛専門店さとう吉祥寺店 (ID: 5q875dvn, 来源: Google Maps)
2025-04-04 21:12:28,075 - DEBUG - Starting new HTTPS connection (1): overpass-api.de:443
2025-04-04 21:12:29,660 - DEBUG - https://overpass-api.de:443 "POST /api/interpreter HTTP/1.1" 200 847
2025-04-04 21:12:29,661 - INFO - 在 1000m 范围内找到最近站点: 吉祥寺 (距离: 0.152 千米)
2025-04-04 21:12:29,661 - INFO - 处理地标: 旧アニメイト (ID: 5q875dt6, 来源: Google Maps)
2025-04-04 21:12:29,664 - DEBUG - Starting new HTTPS connection (1): overpass-api.de:443
2025-04-04 21:12:31,092 - DEBUG - https://overpass-api.de:443 "POST /api/interpreter HTTP/1.1" 200 847
2025-04-04 21:12:31,098 - INFO - 在 1000m 范围内找到最近站点: 吉祥寺 (距离: 0.292 千米)
2025-04-04 21:12:31,118 - INFO - 处理地标: パルコ前 (ID: 5q875ee1, 来源: Google Maps)
2025-04-04 21:12:31,121 - DEBUG - Starting new HTTPS connection (1): overpass-api.de:443
2025-04-04 21:12:33,294 - DEBUG - https://overpass-api.de:443 "POST /api/interpreter HTTP/1.1" 200 847
2025-04-04 21:12:33,295 - INFO - 在 1000m 范围内找到最近站点: 吉祥寺 (距离: 0.219 千米)
2025-04-04 21:12:33,296 - INFO - 处理地标: 丸井前 (ID: 5q875e10, 来源: Google Maps)
2025-04-04 21:12:33,298 - DEBUG - Starting new HTTPS connection (1): overpass-api.de:443
2025-04-04 21:12:34,780 - DEBUG - https://overpass-api.de:443 "POST /api/interpreter HTTP/1.1" 200 847
2025-04-04 21:12:34,781 - INFO - 在 1000m 范围内找到最近站点: 吉祥寺 (距离: 0.083 千米)
2025-04-04 21:12:34,781 - INFO - 处理地标: 井の頭公園七井橋 (ID: 5q875du8, 来源: Google Maps)
2025-04-04 21:12:34,783 - DEBUG - Starting new HTTPS connection (1): overpass-api.de:443
2025-04-04 21:12:39,079 - DEBUG - https://overpass-api.de:443 "POST /api/interpreter HTTP/1.1" 200 847
2025-04-04 21:12:39,080 - INFO - 在 1000m 范围内找到最近站点: 吉祥寺 (距离: 0.380 千米)
2025-04-04 21:12:39,080 - INFO - 处理地标: 井の頭公園弁財天 (ID: 5q875ed4, 来源: Google Maps)
2025-04-04 21:12:39,083 - DEBUG - Starting new HTTPS connection (1): overpass-api.de:443
2025-04-04 21:12:39,994 - DEBUG - https://overpass-api.de:443 "POST /api/interpreter HTTP/1.1" 200 847
2025-04-04 21:12:39,996 - INFO - 在 1000m 范围内找到最近站点: 吉祥寺 (距离: 0.601 千米)
2025-04-04 21:12:39,996 - INFO - 处理地标: 松亭 (ID: 5q875e0p, 来源: Google Maps)
2025-04-04 21:12:39,999 - DEBUG - Starting new HTTPS connection (1): overpass-api.de:443
2025-04-04 21:12:44,610 - DEBUG - https://overpass-api.de:443 "POST /api/interpreter HTTP/1.1" 200 847
2025-04-04 21:12:44,611 - INFO - 在 1000m 范围内找到最近站点: 吉祥寺 (距离: 0.730 千米)
2025-04-04 21:12:44,611 - INFO - 处理地标: 武蔵小金井駅 (ID: 5q875e8d, 来源: Google Maps)
2025-04-04 21:12:44,614 - DEBUG - Starting new HTTPS connection (1): overpass-api.de:443
2025-04-04 21:12:46,452 - DEBUG - https://overpass-api.de:443 "POST /api/interpreter HTTP/1.1" 200 613
2025-04-04 21:12:46,453 - INFO - 在 1000m 范围内找到最近站点: 武蔵小金井 (距离: 0.022 千米)
2025-04-04 21:12:46,453 - INFO - 处理地标: 小金井橋交差点 (ID: 5q875e15, 来源: Google Maps)
2025-04-04 21:12:46,456 - DEBUG - Starting new HTTPS connection (1): overpass-api.de:443
2025-04-04 21:12:52,596 - DEBUG - https://overpass-api.de:443 "POST /api/interpreter HTTP/1.1" 200 235
2025-04-04 21:12:52,597 - WARNING - 在 (35.7126, 139.508) 周围 1000m 范围内未找到站点，已扩大搜索半径
2025-04-04 21:12:52,600 - DEBUG - Starting new HTTPS connection (1): overpass-api.de:443
2025-04-04 21:12:54,472 - DEBUG - https://overpass-api.de:443 "POST /api/interpreter HTTP/1.1" 200 805
2025-04-04 21:12:54,473 - INFO - 在 2000m 范围内找到最近站点: 武蔵小金井 (距离: 1.280 千米)
2025-04-04 21:12:54,473 - INFO - 处理地标: 調布飛行場 (ID: 5q875f90, 来源: Google Maps)
2025-04-04 21:12:54,476 - DEBUG - Starting new HTTPS connection (1): overpass-api.de:443
2025-04-04 21:13:02,194 - DEBUG - https://overpass-api.de:443 "POST /api/interpreter HTTP/1.1" 200 235
2025-04-04 21:13:02,195 - WARNING - 在 (35.672, 139.5304) 周围 1000m 范围内未找到站点，已扩大搜索半径
2025-04-04 21:13:02,198 - DEBUG - Starting new HTTPS connection (1): overpass-api.de:443
2025-04-04 21:13:04,270 - DEBUG - https://overpass-api.de:443 "POST /api/interpreter HTTP/1.1" 200 1212
2025-04-04 21:13:04,272 - INFO - 在 2000m 范围内找到最近站点: 多磨 (距离: 1.312 千米)
2025-04-04 21:13:04,272 - INFO - 处理地标: 小平大沼町交差点 (ID: 5q875f3m, 来源: Google Maps)
2025-04-04 21:13:04,275 - DEBUG - Starting new HTTPS connection (1): overpass-api.de:443
2025-04-04 21:13:05,805 - DEBUG - https://overpass-api.de:443 "POST /api/interpreter HTTP/1.1" 200 235
2025-04-04 21:13:05,806 - WARNING - 在 (35.7404, 139.5041) 周围 1000m 范围内未找到站点，已扩大搜索半径
2025-04-04 21:13:05,809 - DEBUG - Starting new HTTPS connection (1): overpass-api.de:443
2025-04-04 21:13:07,957 - DEBUG - https://overpass-api.de:443 "POST /api/interpreter HTTP/1.1" 200 611
2025-04-04 21:13:07,958 - INFO - 在 2000m 范围内找到最近站点: 小平 (距离: 1.478 千米)
2025-04-04 21:13:07,958 - INFO - 处理地标: 小平大沼町歩道橋 (ID: 5q875f3s, 来源: Google Maps)
2025-04-04 21:13:07,961 - DEBUG - Starting new HTTPS connection (1): overpass-api.de:443
2025-04-04 21:13:11,588 - DEBUG - https://overpass-api.de:443 "POST /api/interpreter HTTP/1.1" 200 235
2025-04-04 21:13:11,588 - WARNING - 在 (35.7397, 139.5067) 周围 1000m 范围内未找到站点，已扩大搜索半径
2025-04-04 21:13:11,591 - DEBUG - Starting new HTTPS connection (1): overpass-api.de:443
2025-04-04 21:13:12,872 - DEBUG - https://overpass-api.de:443 "POST /api/interpreter HTTP/1.1" 200 611
2025-04-04 21:13:12,873 - INFO - 在 2000m 范围内找到最近站点: 花小金井 (距离: 1.614 千米)
2025-04-04 21:13:12,873 - INFO - 处理地标: 栄町一丁目 (ID: 5q875f0q, 来源: Google Maps)
2025-04-04 21:13:12,876 - DEBUG - Starting new HTTPS connection (1): overpass-api.de:443
2025-04-04 21:13:14,034 - DEBUG - https://overpass-api.de:443 "POST /api/interpreter HTTP/1.1" 200 779
2025-04-04 21:13:14,035 - INFO - 在 1000m 范围内找到最近站点: 久米川 (距离: 0.139 千米)
2025-04-04 21:13:14,035 - INFO - 处理地标: 清水五丁目交差点 (ID: 5q875f5t, 来源: Google Maps)
2025-04-04 21:13:14,038 - DEBUG - Starting new HTTPS connection (1): overpass-api.de:443
2025-04-04 21:13:16,559 - DEBUG - https://overpass-api.de:443 "POST /api/interpreter HTTP/1.1" 200 616
2025-04-04 21:13:16,560 - INFO - 在 1000m 范围内找到最近站点: 武蔵大和 (距离: 0.988 千米)
2025-04-04 21:13:16,560 - INFO - 处理地标: 武蔵大和駅西交差点 (ID: 5q875exl, 来源: Google Maps)
2025-04-04 21:13:16,563 - DEBUG - Starting new HTTPS connection (1): overpass-api.de:443
2025-04-04 21:13:29,662 - DEBUG - https://overpass-api.de:443 "POST /api/interpreter HTTP/1.1" 200 617
2025-04-04 21:13:29,663 - INFO - 在 1000m 范围内找到最近站点: 武蔵大和 (距离: 0.108 千米)
2025-04-04 21:13:29,663 - INFO - 处理地标: 東伏見四丁目交差点 (ID: 5q875eob, 来源: Google Maps)
2025-04-04 21:13:29,666 - DEBUG - Starting new HTTPS connection (1): overpass-api.de:443
2025-04-04 21:13:30,670 - DEBUG - https://overpass-api.de:443 "POST /api/interpreter HTTP/1.1" 200 565
2025-04-04 21:13:30,671 - INFO - 在 1000m 范围内找到最近站点: 東伏見 (距离: 0.629 千米)
2025-04-04 21:13:30,671 - INFO - 处理地标: 出玉王田無店 (ID: 5q875fl2, 来源: Google Maps)
2025-04-04 21:13:30,674 - DEBUG - Starting new HTTPS connection (1): overpass-api.de:443
2025-04-04 21:13:32,839 - DEBUG - https://overpass-api.de:443 "POST /api/interpreter HTTP/1.1" 200 235
2025-04-04 21:13:32,840 - WARNING - 在 (35.7356, 139.5247) 周围 1000m 范围内未找到站点，已扩大搜索半径
2025-04-04 21:13:32,843 - DEBUG - Starting new HTTPS connection (1): overpass-api.de:443
2025-04-04 21:13:33,761 - DEBUG - https://overpass-api.de:443 "POST /api/interpreter HTTP/1.1" 200 821
2025-04-04 21:13:33,762 - INFO - 在 2000m 范围内找到最近站点: 花小金井 (距离: 1.473 千米)
2025-04-04 21:13:33,762 - INFO - 处理地标: 田無タワー (ID: 5q875fvg, 来源: Google Maps)
2025-04-04 21:13:33,765 - DEBUG - Starting new HTTPS connection (1): overpass-api.de:443
2025-04-04 21:13:42,976 - DEBUG - https://overpass-api.de:443 "POST /api/interpreter HTTP/1.1" 200 235
2025-04-04 21:13:42,977 - WARNING - 在 (35.7354, 139.5232) 周围 1000m 范围内未找到站点，已扩大搜索半径
2025-04-04 21:13:42,980 - DEBUG - Starting new HTTPS connection (1): overpass-api.de:443
2025-04-04 21:13:44,205 - DEBUG - https://overpass-api.de:443 "POST /api/interpreter HTTP/1.1" 200 821
2025-04-04 21:13:44,206 - INFO - 在 2000m 范围内找到最近站点: 花小金井 (距离: 1.364 千米)
2025-04-04 21:13:44,206 - INFO - 处理地标: 小泉牧場 (ID: 5q875fte, 来源: Google Maps)
2025-04-04 21:13:44,209 - DEBUG - Starting new HTTPS connection (1): overpass-api.de:443
2025-04-04 21:13:45,193 - DEBUG - https://overpass-api.de:443 "POST /api/interpreter HTTP/1.1" 200 739
2025-04-04 21:13:45,194 - INFO - 在 1000m 范围内找到最近站点: 大泉学園 (距离: 0.555 千米)
2025-04-04 21:13:45,194 - INFO - 处理地标: モトラッド杉並 (ID: 5q875ffd, 来源: Google Maps)
2025-04-04 21:13:45,197 - DEBUG - Starting new HTTPS connection (1): overpass-api.de:443
2025-04-04 21:13:46,538 - DEBUG - https://overpass-api.de:443 "POST /api/interpreter HTTP/1.1" 200 235
2025-04-04 21:13:46,539 - WARNING - 在 (35.7136, 139.6144) 周围 1000m 范围内未找到站点，已扩大搜索半径
2025-04-04 21:13:46,542 - DEBUG - Starting new HTTPS connection (1): overpass-api.de:443
2025-04-04 21:13:48,199 - DEBUG - https://overpass-api.de:443 "POST /api/interpreter HTTP/1.1" 200 1012
2025-04-04 21:13:48,200 - INFO - 在 2000m 范围内找到最近站点: 荻窪 (距离: 1.140 千米)
2025-04-04 21:13:48,200 - INFO - 处理地标: 阿佐ヶ谷駅前(パール商店街入り口) (ID: 5q875fl3, 来源: Google Maps)
2025-04-04 21:13:48,203 - DEBUG - Starting new HTTPS connection (1): overpass-api.de:443
2025-04-04 21:13:49,427 - DEBUG - https://overpass-api.de:443 "POST /api/interpreter HTTP/1.1" 200 722
2025-04-04 21:13:49,428 - INFO - 在 1000m 范围内找到最近站点: 阿佐ケ谷 (距离: 0.121 千米)
2025-04-04 21:13:49,428 - INFO - 处理地标: うさぎや (ID: 5q875gp3, 来源: Google Maps)
2025-04-04 21:13:49,431 - DEBUG - Starting new HTTPS connection (1): overpass-api.de:443
2025-04-04 21:13:50,710 - DEBUG - https://overpass-api.de:443 "POST /api/interpreter HTTP/1.1" 200 722
2025-04-04 21:13:50,711 - INFO - 在 1000m 范围内找到最近站点: 阿佐ケ谷 (距离: 0.208 千米)
2025-04-04 21:13:50,711 - INFO - 处理地标: 阿佐ヶ谷駅 (ID: 5q875ghu, 来源: Google Maps)
2025-04-04 21:13:50,714 - DEBUG - Starting new HTTPS connection (1): overpass-api.de:443
2025-04-04 21:13:51,885 - DEBUG - https://overpass-api.de:443 "POST /api/interpreter HTTP/1.1" 200 722
2025-04-04 21:13:51,886 - INFO - 在 1000m 范围内找到最近站点: 阿佐ケ谷 (距离: 0.022 千米)
2025-04-04 21:13:51,886 - INFO - 处理地标: 上井草駅 (ID: 5q875ga2, 来源: Google Maps)
2025-04-04 21:13:51,889 - DEBUG - Starting new HTTPS connection (1): overpass-api.de:443
2025-04-04 21:13:53,114 - DEBUG - https://overpass-api.de:443 "POST /api/interpreter HTTP/1.1" 200 664
2025-04-04 21:13:53,115 - INFO - 在 1000m 范围内找到最近站点: 上井草 (距离: 0.040 千米)
2025-04-04 21:13:53,115 - INFO - 处理地标: 上井草駅踏切 (ID: 5q875ge1, 来源: Google Maps)
2025-04-04 21:13:53,118 - DEBUG - Starting new HTTPS connection (1): overpass-api.de:443
2025-04-04 21:13:54,651 - DEBUG - https://overpass-api.de:443 "POST /api/interpreter HTTP/1.1" 200 482
2025-04-04 21:13:54,652 - INFO - 在 1000m 范围内找到最近站点: 上井草 (距离: 0.081 千米)
2025-04-04 21:13:54,652 - INFO - 处理地标: 株式会社ボンズ (ID: 5q875geq, 来源: Google Maps)
2025-04-04 21:13:54,655 - DEBUG - Starting new HTTPS connection (1): overpass-api.de:443
2025-04-04 21:13:56,092 - DEBUG - https://overpass-api.de:443 "POST /api/interpreter HTTP/1.1" 200 593
2025-04-04 21:13:56,093 - INFO - 在 1000m 范围内找到最近站点: 井荻 (距离: 0.024 千米)
2025-04-04 21:13:56,093 - INFO - 处理地标: 下井草五丁目交差点 (ID: 5q875g1s, 来源: Google Maps)
2025-04-04 21:13:56,096 - DEBUG - Starting new HTTPS connection (1): overpass-api.de:443
2025-04-04 21:13:57,186 - DEBUG - https://overpass-api.de:443 "POST /api/interpreter HTTP/1.1" 200 478
2025-04-04 21:13:57,187 - INFO - 在 1000m 范围内找到最近站点: 井荻 (距离: 0.168 千米)
2025-04-04 21:13:57,187 - INFO - 处理地标: 四面道交差点 (ID: 5q875git, 来源: Google Maps)
2025-04-04 21:13:57,190 - DEBUG - Starting new HTTPS connection (1): overpass-api.de:443
2025-04-04 21:13:58,337 - DEBUG - https://overpass-api.de:443 "POST /api/interpreter HTTP/1.1" 200 632
2025-04-04 21:13:58,338 - INFO - 在 1000m 范围内找到最近站点: 荻窪 (距离: 0.608 千米)
2025-04-04 21:13:58,338 - INFO - 处理地标: スタジオカラー (ID: 5q875goy, 来源: Google Maps)
2025-04-04 21:13:58,341 - DEBUG - Starting new HTTPS connection (1): overpass-api.de:443
2025-04-04 21:14:01,405 - DEBUG - https://overpass-api.de:443 "POST /api/interpreter HTTP/1.1" 200 578
2025-04-04 21:14:01,406 - INFO - 在 1000m 范围内找到最近站点: 西荻窪 (距离: 0.183 千米)
2025-04-04 21:14:01,406 - INFO - 处理地标: スタジオT＆T (ID: 5q875hhx, 来源: Google Maps)
2025-04-04 21:14:01,409 - DEBUG - Starting new HTTPS connection (1): overpass-api.de:443
2025-04-04 21:14:02,998 - DEBUG - https://overpass-api.de:443 "POST /api/interpreter HTTP/1.1" 200 2594
2025-04-04 21:14:03,000 - INFO - 在 1000m 范围内找到最近站点: 西武新宿 (距离: 0.261 千米)
2025-04-04 21:14:03,000 - INFO - 处理地标: 談話室滝沢 (ID: 5q875h8m, 来源: Google Maps)
2025-04-04 21:14:03,002 - DEBUG - Starting new HTTPS connection (1): overpass-api.de:443
2025-04-04 21:14:07,619 - DEBUG - https://overpass-api.de:443 "POST /api/interpreter HTTP/1.1" 200 2828
2025-04-04 21:14:07,620 - INFO - 在 1000m 范围内找到最近站点: 新宿 (距离: 0.188 千米)
2025-04-04 21:14:07,621 - INFO - 处理地标: 淀橋交差点 (ID: 5q875gxh, 来源: Google Maps)
2025-04-04 21:14:07,623 - DEBUG - Starting new HTTPS connection (1): overpass-api.de:443
2025-04-04 21:14:08,670 - DEBUG - https://overpass-api.de:443 "POST /api/interpreter HTTP/1.1" 200 1261
2025-04-04 21:14:08,671 - INFO - 在 1000m 范围内找到最近站点: 中野坂上 (距离: 0.384 千米)
2025-04-04 21:14:08,671 - INFO - 处理地标: 旬鮮酒場天狗新宿店 (ID: 5q875gup, 来源: Google Maps)
2025-04-04 21:14:08,674 - DEBUG - Starting new HTTPS connection (1): overpass-api.de:443
2025-04-04 21:14:10,011 - DEBUG - https://overpass-api.de:443 "POST /api/interpreter HTTP/1.1" 200 2648
2025-04-04 21:14:10,012 - INFO - 在 1000m 范围内找到最近站点: 新宿西口 (距离: 0.109 千米)
2025-04-04 21:14:10,012 - INFO - 处理地标: H＆M新宿店 (ID: 5q875guu, 来源: Google Maps)
2025-04-04 21:14:10,015 - DEBUG - Starting new HTTPS connection (1): overpass-api.de:443
2025-04-04 21:14:10,933 - DEBUG - https://overpass-api.de:443 "POST /api/interpreter HTTP/1.1" 200 2351
2025-04-04 21:14:10,934 - INFO - 在 1000m 范围内找到最近站点: 新宿三丁目 (距离: 0.088 千米)
2025-04-04 21:14:10,935 - INFO - 处理地标: TOHMA西早稲田ビル (ID: 5q875hje, 来源: Google Maps)
2025-04-04 21:14:10,937 - DEBUG - Starting new HTTPS connection (1): overpass-api.de:443
2025-04-04 21:14:12,509 - DEBUG - https://overpass-api.de:443 "POST /api/interpreter HTTP/1.1" 200 1483
2025-04-04 21:14:12,510 - INFO - 在 1000m 范围内找到最近站点: 西早稲田 (距离: 0.284 千米)
2025-04-04 21:14:12,510 - INFO - 处理地标: ウノサワビル (ID: 5q875gyn, 来源: Google Maps)
2025-04-04 21:14:12,513 - DEBUG - Starting new HTTPS connection (1): overpass-api.de:443
2025-04-04 21:14:13,700 - DEBUG - https://overpass-api.de:443 "POST /api/interpreter HTTP/1.1" 200 1145
2025-04-04 21:14:13,701 - INFO - 在 1000m 范围内找到最近站点: 東中野 (距离: 0.041 千米)
2025-04-04 21:14:13,701 - INFO - 处理地标: VICTOR STUDIO (ID: 5q875h10, 来源: Google Maps)
2025-04-04 21:14:13,704 - DEBUG - Starting new HTTPS connection (1): overpass-api.de:443
2025-04-04 21:14:15,688 - DEBUG - https://overpass-api.de:443 "POST /api/interpreter HTTP/1.1" 200 1697
2025-04-04 21:14:15,689 - INFO - 在 1000m 范围内找到最近站点: 国立競技場 (距离: 0.586 千米)
2025-04-04 21:14:15,690 - INFO - 处理地标: 秋葉原駅電気街口 (ID: 5q875hy5, 来源: Google Maps)
2025-04-04 21:14:15,692 - DEBUG - Starting new HTTPS connection (1): overpass-api.de:443
2025-04-04 21:14:17,388 - DEBUG - https://overpass-api.de:443 "POST /api/interpreter HTTP/1.1" 200 2224
2025-04-04 21:14:17,389 - INFO - 在 1000m 范围内找到最近站点: 秋葉原 (距离: 0.058 千米)
2025-04-04 21:14:17,389 - INFO - 处理地标: UDX (ID: 5q875hpx, 来源: Google Maps)
2025-04-04 21:14:17,392 - DEBUG - Starting new HTTPS connection (1): overpass-api.de:443
2025-04-04 21:14:18,617 - DEBUG - https://overpass-api.de:443 "POST /api/interpreter HTTP/1.1" 200 2561
2025-04-04 21:14:18,619 - INFO - 在 1000m 范围内找到最近站点: 秋葉原 (距离: 0.207 千米)
2025-04-04 21:14:18,619 - INFO - 处理地标: ソフマップ (ID: 5q875hty, 来源: Google Maps)
2025-04-04 21:14:18,622 - DEBUG - Starting new HTTPS connection (1): overpass-api.de:443
2025-04-04 21:14:26,299 - DEBUG - https://overpass-api.de:443 "POST /api/interpreter HTTP/1.1" 200 2561
2025-04-04 21:14:26,301 - INFO - 在 1000m 范围内找到最近站点: 秋葉原 (距离: 0.283 千米)
2025-04-04 21:14:26,301 - INFO - 处理地标: 雷門 (ID: 5q875hsj, 来源: Google Maps)
2025-04-04 21:14:26,303 - DEBUG - Starting new HTTPS connection (1): overpass-api.de:443
2025-04-04 21:14:27,528 - DEBUG - https://overpass-api.de:443 "POST /api/interpreter HTTP/1.1" 200 1645
2025-04-04 21:14:27,530 - INFO - 在 1000m 范围内找到最近站点: 浅草 (距离: 0.138 千米)
2025-04-04 21:14:27,530 - INFO - 处理地标: スーパードライホール (ID: 5q875i06, 来源: Google Maps)
2025-04-04 21:14:27,533 - DEBUG - Starting new HTTPS connection (1): overpass-api.de:443
2025-04-04 21:14:29,679 - DEBUG - https://overpass-api.de:443 "POST /api/interpreter HTTP/1.1" 200 1851
2025-04-04 21:14:29,680 - INFO - 在 1000m 范围内找到最近站点: 浅草 (距离: 0.250 千米)
2025-04-04 21:14:29,681 - INFO - 处理地标: 東京スカイツリー (ID: 5q875i7r, 来源: Google Maps)
2025-04-04 21:14:29,683 - DEBUG - Starting new HTTPS connection (1): overpass-api.de:443
2025-04-04 21:14:30,908 - DEBUG - https://overpass-api.de:443 "POST /api/interpreter HTTP/1.1" 200 1442
2025-04-04 21:14:30,909 - INFO - 在 1000m 范围内找到最近站点: とうきょうスカイツリー (距离: 0.128 千米)
2025-04-04 21:14:30,909 - INFO - 处理地标: ラ ブティック ドゥ ジョエル・ロブション 丸の内店 (ID: 5q875hpz, 来源: Google Maps)
2025-04-04 21:14:30,912 - DEBUG - Starting new HTTPS connection (1): overpass-api.de:443
2025-04-04 21:14:31,876 - DEBUG - https://overpass-api.de:443 "POST /api/interpreter HTTP/1.1" 200 3477
2025-04-04 21:14:31,877 - INFO - 在 1000m 范围内找到最近站点: 二重橋前〈丸の内〉 (距离: 0.239 千米)
2025-04-04 21:14:31,877 - INFO - 处理地标: 新丸の内ビル (ID: 5q875i4u, 来源: Google Maps)
2025-04-04 21:14:31,880 - DEBUG - Starting new HTTPS connection (1): overpass-api.de:443
2025-04-04 21:14:39,780 - DEBUG - https://overpass-api.de:443 "POST /api/interpreter HTTP/1.1" 200 3559
2025-04-04 21:14:39,781 - INFO - 在 1000m 范围内找到最近站点: 東京 (距离: 0.074 千米)
2025-04-04 21:14:39,781 - INFO - 处理地标: スカイホップバス乗り場 (ID: 5q875img, 来源: Google Maps)
2025-04-04 21:14:39,784 - DEBUG - Starting new HTTPS connection (1): overpass-api.de:443
2025-04-04 21:14:41,047 - DEBUG - https://overpass-api.de:443 "POST /api/interpreter HTTP/1.1" 200 3434
2025-04-04 21:14:41,049 - INFO - 在 1000m 范围内找到最近站点: 二重橋前〈丸の内〉 (距离: 0.209 千米)
2025-04-04 21:14:41,049 - INFO - 处理地标: 日比谷セントラルビル (ID: 5q875igx, 来源: Google Maps)
2025-04-04 21:14:41,051 - DEBUG - Starting new HTTPS connection (1): overpass-api.de:443
2025-04-04 21:14:42,276 - DEBUG - https://overpass-api.de:443 "POST /api/interpreter HTTP/1.1" 200 2868
2025-04-04 21:14:42,277 - INFO - 在 1000m 范围内找到最近站点: 内幸町 (距离: 0.084 千米)
2025-04-04 21:14:42,277 - INFO - 处理地标: 日比谷シティー (ID: 5q875ipv, 来源: Google Maps)
2025-04-04 21:14:42,280 - DEBUG - Starting new HTTPS connection (1): overpass-api.de:443
2025-04-04 21:14:43,505 - DEBUG - https://overpass-api.de:443 "POST /api/interpreter HTTP/1.1" 200 2829
2025-04-04 21:14:43,506 - INFO - 在 1000m 范围内找到最近站点: 内幸町 (距离: 0.128 千米)
2025-04-04 21:14:43,506 - INFO - 处理地标: 知性ビル (ID: 5q875ieh, 来源: Google Maps)
2025-04-04 21:14:43,509 - DEBUG - Starting new HTTPS connection (1): overpass-api.de:443
2025-04-04 21:14:45,655 - DEBUG - https://overpass-api.de:443 "POST /api/interpreter HTTP/1.1" 200 1913
2025-04-04 21:14:45,657 - INFO - 在 1000m 范围内找到最近站点: 赤坂見附 (距离: 0.442 千米)
2025-04-04 21:14:45,657 - INFO - 处理地标: 知性ビル周辺路地 (ID: 5q875iwz, 来源: Google Maps)
2025-04-04 21:14:45,660 - DEBUG - Starting new HTTPS connection (1): overpass-api.de:443
2025-04-04 21:14:46,987 - DEBUG - https://overpass-api.de:443 "POST /api/interpreter HTTP/1.1" 200 2023
2025-04-04 21:14:46,989 - INFO - 在 1000m 范围内找到最近站点: 赤坂見附 (距离: 0.407 千米)
2025-04-04 21:14:46,989 - INFO - 处理地标: 大月駅 (ID: 5q875iym, 来源: Google Maps)
2025-04-04 21:14:46,991 - DEBUG - Starting new HTTPS connection (1): overpass-api.de:443
2025-04-04 21:14:47,905 - DEBUG - https://overpass-api.de:443 "POST /api/interpreter HTTP/1.1" 200 743
2025-04-04 21:14:47,906 - INFO - 在 1000m 范围内找到最近站点: 大月 (距离: 0.030 千米)
2025-04-04 21:14:47,906 - INFO - 处理地标: 嵐山サービスエリア(下り) (ID: 5q875irq, 来源: Google Maps)
2025-04-04 21:14:47,909 - DEBUG - Starting new HTTPS connection (1): overpass-api.de:443
2025-04-04 21:14:50,393 - DEBUG - https://overpass-api.de:443 "POST /api/interpreter HTTP/1.1" 200 234
2025-04-04 21:14:50,394 - WARNING - 在 (36.0861, 139.291) 周围 1000m 范围内未找到站点，已扩大搜索半径
2025-04-04 21:14:50,397 - DEBUG - Starting new HTTPS connection (1): overpass-api.de:443
2025-04-04 21:14:52,107 - DEBUG - https://overpass-api.de:443 "POST /api/interpreter HTTP/1.1" 200 234
2025-04-04 21:14:52,108 - WARNING - 在 (36.0861, 139.291) 周围 2000m 范围内未找到站点，已扩大搜索半径
2025-04-04 21:14:52,111 - DEBUG - Starting new HTTPS connection (1): overpass-api.de:443
2025-04-04 21:14:53,644 - DEBUG - https://overpass-api.de:443 "POST /api/interpreter HTTP/1.1" 200 234
2025-04-04 21:14:53,645 - WARNING - 在 (36.0861, 139.291) 周围 4000m 范围内未找到站点，已扩大搜索半径
2025-04-04 21:14:53,645 - WARNING - 在 (36.0861, 139.291) 周围 8000m 半径范围内仍未找到站点，已标记为 null
2025-04-04 21:14:53,645 - INFO - 处理地标: 嵐山サービスエリア(上り) (ID: 5q875ivz, 来源: Google Maps)
2025-04-04 21:14:53,648 - DEBUG - Starting new HTTPS connection (1): overpass-api.de:443
2025-04-04 21:14:54,873 - DEBUG - https://overpass-api.de:443 "POST /api/interpreter HTTP/1.1" 200 234
2025-04-04 21:14:54,873 - WARNING - 在 (36.0827, 139.2975) 周围 1000m 范围内未找到站点，已扩大搜索半径
2025-04-04 21:14:54,877 - DEBUG - Starting new HTTPS connection (1): overpass-api.de:443
2025-04-04 21:14:56,715 - DEBUG - https://overpass-api.de:443 "POST /api/interpreter HTTP/1.1" 200 234
2025-04-04 21:14:56,716 - WARNING - 在 (36.0827, 139.2975) 周围 2000m 范围内未找到站点，已扩大搜索半径
2025-04-04 21:14:56,719 - DEBUG - Starting new HTTPS connection (1): overpass-api.de:443
2025-04-04 21:14:57,944 - DEBUG - https://overpass-api.de:443 "POST /api/interpreter HTTP/1.1" 200 234
2025-04-04 21:14:57,945 - WARNING - 在 (36.0827, 139.2975) 周围 4000m 范围内未找到站点，已扩大搜索半径
2025-04-04 21:14:57,945 - WARNING - 在 (36.0827, 139.2975) 周围 8000m 半径范围内仍未找到站点，已标记为 null
2025-04-04 21:14:57,945 - INFO - 处理地标: 富士急ハイランド (ID: 5q875j4b, 来源: Google Maps)
2025-04-04 21:14:57,948 - DEBUG - Starting new HTTPS connection (1): overpass-api.de:443
2025-04-04 21:14:59,172 - DEBUG - https://overpass-api.de:443 "POST /api/interpreter HTTP/1.1" 200 483
2025-04-04 21:14:59,173 - INFO - 在 1000m 范围内找到最近站点: 富士急ハイランド (距离: 0.623 千米)
2025-04-04 21:14:59,174 - INFO - 处理地标: 浜松エアーパーク (ID: 5q875jgq, 来源: Google Maps)
2025-04-04 21:14:59,177 - DEBUG - Starting new HTTPS connection (1): overpass-api.de:443
2025-04-04 21:15:00,105 - DEBUG - https://overpass-api.de:443 "POST /api/interpreter HTTP/1.1" 200 234
2025-04-04 21:15:00,106 - WARNING - 在 (34.7475, 137.712) 周围 1000m 范围内未找到站点，已扩大搜索半径
2025-04-04 21:15:00,109 - DEBUG - Starting new HTTPS connection (1): overpass-api.de:443
2025-04-04 21:15:01,323 - DEBUG - https://overpass-api.de:443 "POST /api/interpreter HTTP/1.1" 200 234
2025-04-04 21:15:01,324 - WARNING - 在 (34.7475, 137.712) 周围 2000m 范围内未找到站点，已扩大搜索半径
2025-04-04 21:15:01,327 - DEBUG - Starting new HTTPS connection (1): overpass-api.de:443
2025-04-04 21:15:02,909 - DEBUG - https://overpass-api.de:443 "POST /api/interpreter HTTP/1.1" 200 957
2025-04-04 21:15:02,910 - INFO - 在 4000m 范围内找到最近站点: 曳馬 (距离: 3.114 千米)
2025-04-04 21:15:02,910 - INFO - 处理地标: 長野自動車道 (ID: 5q875j5j, 来源: Google Maps)
2025-04-04 21:15:02,913 - DEBUG - Starting new HTTPS connection (1): overpass-api.de:443
2025-04-04 21:15:04,125 - DEBUG - https://overpass-api.de:443 "POST /api/interpreter HTTP/1.1" 200 531
2025-04-04 21:15:04,126 - INFO - 在 1000m 范围内找到最近站点: 大庭 (距离: 0.367 千米)
2025-04-04 21:15:04,127 - INFO - 处理地标: 長野インター (ID: 5q875jrw, 来源: Google Maps)
2025-04-04 21:15:04,129 - DEBUG - Starting new HTTPS connection (1): overpass-api.de:443
2025-04-04 21:15:05,317 - DEBUG - https://overpass-api.de:443 "POST /api/interpreter HTTP/1.1" 200 531
2025-04-04 21:15:05,318 - INFO - 在 1000m 范围内找到最近站点: 大庭 (距离: 0.378 千米)
2025-04-04 21:15:05,318 - INFO - 处理地标: 三溝駅周辺 (ID: 5q875j9v, 来源: Google Maps)
2025-04-04 21:15:05,320 - DEBUG - Starting new HTTPS connection (1): overpass-api.de:443
2025-04-04 21:15:07,467 - DEBUG - https://overpass-api.de:443 "POST /api/interpreter HTTP/1.1" 200 451
2025-04-04 21:15:07,468 - INFO - 在 1000m 范围内找到最近站点: 三溝 (距离: 0.038 千米)
2025-04-04 21:15:07,468 - INFO - 处理地标: 波田小前 (ID: 5q875jp0, 来源: Google Maps)
2025-04-04 21:15:07,471 - DEBUG - Starting new HTTPS connection (1): overpass-api.de:443
2025-04-04 21:15:09,003 - DEBUG - https://overpass-api.de:443 "POST /api/interpreter HTTP/1.1" 200 447
2025-04-04 21:15:09,004 - INFO - 在 1000m 范围内找到最近站点: 波田 (距离: 0.129 千米)
2025-04-04 21:15:09,004 - INFO - 处理地标: 道の駅風穴の里 (ID: 5q875jcc, 来源: Google Maps)
2025-04-04 21:15:09,007 - DEBUG - Starting new HTTPS connection (1): overpass-api.de:443
2025-04-04 21:15:10,232 - DEBUG - https://overpass-api.de:443 "POST /api/interpreter HTTP/1.1" 200 234
2025-04-04 21:15:10,233 - WARNING - 在 (36.1536, 137.7528) 周围 1000m 范围内未找到站点，已扩大搜索半径
2025-04-04 21:15:10,235 - DEBUG - Starting new HTTPS connection (1): overpass-api.de:443
2025-04-04 21:15:15,616 - DEBUG - https://overpass-api.de:443 "POST /api/interpreter HTTP/1.1" 200 234
2025-04-04 21:15:15,617 - WARNING - 在 (36.1536, 137.7528) 周围 2000m 范围内未找到站点，已扩大搜索半径
2025-04-04 21:15:15,619 - DEBUG - Starting new HTTPS connection (1): overpass-api.de:443
2025-04-04 21:15:16,523 - DEBUG - https://overpass-api.de:443 "POST /api/interpreter HTTP/1.1" 200 234
2025-04-04 21:15:16,524 - WARNING - 在 (36.1536, 137.7528) 周围 4000m 范围内未找到站点，已扩大搜索半径
2025-04-04 21:15:16,524 - WARNING - 在 (36.1536, 137.7528) 周围 8000m 半径范围内仍未找到站点，已标记为 null
2025-04-04 21:15:16,524 - INFO - 处理地标: 奈川渡ダム (ID: 5q875jcn, 来源: Google Maps)
2025-04-04 21:15:16,527 - DEBUG - Starting new HTTPS connection (1): overpass-api.de:443
2025-04-04 21:15:19,122 - DEBUG - https://overpass-api.de:443 "POST /api/interpreter HTTP/1.1" 200 234
2025-04-04 21:15:19,123 - WARNING - 在 (36.1316, 137.7189) 周围 1000m 范围内未找到站点，已扩大搜索半径
2025-04-04 21:15:19,125 - DEBUG - Starting new HTTPS connection (1): overpass-api.de:443
2025-04-04 21:15:20,098 - DEBUG - https://overpass-api.de:443 "POST /api/interpreter HTTP/1.1" 200 234
2025-04-04 21:15:20,099 - WARNING - 在 (36.1316, 137.7189) 周围 2000m 范围内未找到站点，已扩大搜索半径
2025-04-04 21:15:20,102 - DEBUG - Starting new HTTPS connection (1): overpass-api.de:443
2025-04-04 21:15:25,560 - DEBUG - https://overpass-api.de:443 "POST /api/interpreter HTTP/1.1" 200 235
2025-04-04 21:15:25,561 - WARNING - 在 (36.1316, 137.7189) 周围 4000m 范围内未找到站点，已扩大搜索半径
2025-04-04 21:15:25,561 - WARNING - 在 (36.1316, 137.7189) 周围 8000m 半径范围内仍未找到站点，已标记为 null
2025-04-04 21:15:25,561 - INFO - 处理地标: 上高地帝国ホテル (ID: 5q875jpq, 来源: Google Maps)
2025-04-04 21:15:25,564 - DEBUG - Starting new HTTPS connection (1): overpass-api.de:443
2025-04-04 21:15:27,012 - DEBUG - https://overpass-api.de:443 "POST /api/interpreter HTTP/1.1" 200 235
2025-04-04 21:15:27,013 - WARNING - 在 (36.2426, 137.6287) 周围 1000m 范围内未找到站点，已扩大搜索半径
2025-04-04 21:15:27,016 - DEBUG - Starting new HTTPS connection (1): overpass-api.de:443
2025-04-04 21:15:28,050 - DEBUG - https://overpass-api.de:443 "POST /api/interpreter HTTP/1.1" 200 235
2025-04-04 21:15:28,051 - WARNING - 在 (36.2426, 137.6287) 周围 2000m 范围内未找到站点，已扩大搜索半径
2025-04-04 21:15:28,054 - DEBUG - Starting new HTTPS connection (1): overpass-api.de:443
2025-04-04 21:15:29,279 - DEBUG - https://overpass-api.de:443 "POST /api/interpreter HTTP/1.1" 200 235
2025-04-04 21:15:29,280 - WARNING - 在 (36.2426, 137.6287) 周围 4000m 范围内未找到站点，已扩大搜索半径
2025-04-04 21:15:29,280 - WARNING - 在 (36.2426, 137.6287) 周围 8000m 半径范围内仍未找到站点，已标记为 null
2025-04-04 21:15:29,280 - INFO - 处理地标: 南砺市起業家支援センター (ID: 5q875ju3, 来源: Google Maps)
2025-04-04 21:15:29,283 - DEBUG - Starting new HTTPS connection (1): overpass-api.de:443
2025-04-04 21:15:30,814 - DEBUG - https://overpass-api.de:443 "POST /api/interpreter HTTP/1.1" 200 235
2025-04-04 21:15:30,815 - WARNING - 在 (36.512, 136.9015) 周围 1000m 范围内未找到站点，已扩大搜索半径
2025-04-04 21:15:30,818 - DEBUG - Starting new HTTPS connection (1): overpass-api.de:443
2025-04-04 21:15:32,350 - DEBUG - https://overpass-api.de:443 "POST /api/interpreter HTTP/1.1" 200 448
2025-04-04 21:15:32,351 - INFO - 在 2000m 范围内找到最近站点: 城端 (距离: 1.125 千米)
2025-04-04 21:15:32,351 - INFO - 处理地标: 中国放送本社 (ID: 5q875k2y, 来源: Google Maps)
2025-04-04 21:15:32,354 - DEBUG - Starting new HTTPS connection (1): overpass-api.de:443
2025-04-04 21:15:34,176 - DEBUG - https://overpass-api.de:443 "POST /api/interpreter HTTP/1.1" 200 727
2025-04-04 21:15:34,176 - INFO - 在 1000m 范围内找到最近站点: 城北 (距离: 0.462 千米)
2025-04-04 21:15:34,179 - INFO - 站点详细信息已保存至: ../Outputs/110467_stations.json
2025-04-04 21:15:34,180 - INFO - 站点统计结果已保存至: ../Outputs/110467_station_counts.txt
2025-04-04 21:15:34,180 - INFO - 
作品 '作品_110467' 地标总数: 87
2025-04-04 21:15:34,180 - INFO - 最近站点统计结果:
2025-04-04 21:15:34,180 - INFO - 武蔵境: 16 个地标
2025-04-04 21:15:34,180 - INFO - 吉祥寺: 11 个地标
2025-04-04 21:15:34,180 - INFO - 武蔵小金井: 3 个地标
2025-04-04 21:15:34,180 - INFO - 花小金井: 3 个地标
2025-04-04 21:15:34,181 - INFO - 阿佐ケ谷: 3 个地标
2025-04-04 21:15:34,181 - INFO - 秋葉原: 3 个地标
2025-04-04 21:15:34,181 - INFO - 西荻窪: 2 个地标
2025-04-04 21:15:34,181 - INFO - 武蔵大和: 2 个地标
2025-04-04 21:15:34,181 - INFO - 荻窪: 2 个地标
2025-04-04 21:15:34,181 - INFO - 上井草: 2 个地标
2025-04-04 21:15:34,181 - INFO - 井荻: 2 个地标
2025-04-04 21:15:34,181 - INFO - 浅草: 2 个地标
2025-04-04 21:15:34,181 - INFO - 二重橋前〈丸の内〉: 2 个地标
2025-04-04 21:15:34,181 - INFO - 内幸町: 2 个地标
2025-04-04 21:15:34,181 - INFO - 赤坂見附: 2 个地标
2025-04-04 21:15:34,181 - INFO - 大庭: 2 个地标
2025-04-04 21:15:34,181 - INFO - 市民広場（コンベンションセンター）: 1 个地标
2025-04-04 21:15:34,182 - INFO - 多磨: 1 个地标
2025-04-04 21:15:34,182 - INFO - 小平: 1 个地标
2025-04-04 21:15:34,182 - INFO - 久米川: 1 个地标
2025-04-04 21:15:34,182 - INFO - 東伏見: 1 个地标
2025-04-04 21:15:34,182 - INFO - 大泉学園: 1 个地标
2025-04-04 21:15:34,182 - INFO - 西武新宿: 1 个地标
2025-04-04 21:15:34,182 - INFO - 新宿: 1 个地标
2025-04-04 21:15:34,182 - INFO - 中野坂上: 1 个地标
2025-04-04 21:15:34,182 - INFO - 新宿西口: 1 个地标
2025-04-04 21:15:34,182 - INFO - 新宿三丁目: 1 个地标
2025-04-04 21:15:34,182 - INFO - 西早稲田: 1 个地标
2025-04-04 21:15:34,182 - INFO - 東中野: 1 个地标
2025-04-04 21:15:34,182 - INFO - 国立競技場: 1 个地标
2025-04-04 21:15:34,182 - INFO - とうきょうスカイツリー: 1 个地标
2025-04-04 21:15:34,183 - INFO - 東京: 1 个地标
2025-04-04 21:15:34,183 - INFO - 大月: 1 个地标
2025-04-04 21:15:34,183 - INFO - 富士急ハイランド: 1 个地标
2025-04-04 21:15:34,183 - INFO - 曳馬: 1 个地标
2025-04-04 21:15:34,183 - INFO - 三溝: 1 个地标
2025-04-04 21:15:34,183 - INFO - 波田: 1 个地标
2025-04-04 21:15:34,183 - INFO - 城端: 1 个地标
2025-04-04 21:15:34,183 - INFO - 城北: 1 个地标
